<?xml version="1.0" encoding="UTF-8"?>
<testsuite xmlns:xsi="http://www.w3.org/2001/XMLSchema-instance" xsi:noNamespaceSchemaLocation="https://maven.apache.org/surefire/maven-surefire-plugin/xsd/surefire-test-report.xsd" version="3.0.2" name="com.example.workforcemgmt.WorkforcemgmtApplicationTests" time="4.941" tests="1" errors="0" skipped="0" failures="0">
  <properties>
[...]
</properties>
  <testcase name="contextLoads" classname="com.example.workforcemgmt.WorkforcemgmtApplicationTests" time="1.147">
    <system-out><![CDATA[00:03:56.785 [main] INFO org.springframework.test.context.support.AnnotationConfigContextLoaderUtils -- Could not detect default configuration classes for test class [com.example.workforcemgmt.WorkforcemgmtApplicationTests]: WorkforcemgmtApplicationTests does not declare any static, non-private, non-final, nested classes annotated with @Configuration.
00:03:57.019 [main] INFO org.springframework.boot.test.context.SpringBootTestContextBootstrapper -- Found @SpringBootConfiguration com.example.workforcemgmt.WorkforcemgmtApplication for test class com.example.workforcemgmt.WorkforcemgmtApplicationTests

  .   ____          _            __ _ _
 /\\ / ___'_ __ _ _(_)_ __  __ _ \ \ \ \
( ( )\___ | '_ | '_| | '_ \/ _` | \ \ \ \
 \\/  ___)| |_)| | | | | || (_| |  ) ) ) )
  '  |____| .__|_| |_|_| |_\__, | / / / /
 =========|_|==============|___/=/_/_/_/

 :: Spring Boot ::                (v3.5.4)

2025-08-07T00:03:57.892+05:30  INFO 8052 --- [workforcemgmt] [           main] c.e.w.WorkforcemgmtApplicationTests      : Starting WorkforcemgmtApplicationTests using Java 21.0.6 with PID 8052 (started by SAYAN in C:\Users\SAYAN\Downloads\workforcemgmt\workforcemgmt)
2025-08-07T00:03:57.895+05:30  INFO 8052 --- [workforcemgmt] [           main] c.e.w.WorkforcemgmtApplicationTests      : No active profile set, falling back to 1 default profile: "default"
2025-08-07T00:04:00.274+05:30  INFO 8052 --- [workforcemgmt] [           main] c.e.w.WorkforcemgmtApplicationTests      : Started WorkforcemgmtApplicationTests in 2.904 seconds (process running for 4.736)
]]></system-out>
    <system-err><![CDATA[Mockito is currently self-attaching to enable the inline-mock-maker. This will no longer work in future releases of the JDK. Please add Mockito as an agent to your build as described in Mockito's documentation: https://javadoc.io/doc/org.mockito/mockito-core/latest/org.mockito/org/mockito/Mockito.html#0.3
WARNING: A Java agent has been loaded dynamically (C:\Users\SAYAN\.m2\repository\net\bytebuddy\byte-buddy-agent\1.17.6\byte-buddy-agent-1.17.6.jar)
WARNING: If a serviceability tool is in use, please run with -XX:+EnableDynamicAgentLoading to hide this warning
WARNING: If a serviceability tool is not in use, please run with -Djdk.instrument.traceUsage for more information
WARNING: Dynamic loading of agents will be disallowed by default in a future release
]]></system-err>
  </testcase>
</testsuite>